Release 14.7 - xst P.20131013 (nt64)
Copyright (c) 1995-2013 Xilinx, Inc.  All rights reserved.
--> Parameter TMPDIR set to xst/projnav.tmp


Total REAL time to Xst completion: 5.00 secs
Total CPU time to Xst completion: 4.40 secs
 
--> Parameter xsthdpdir set to xst


Total REAL time to Xst completion: 5.00 secs
Total CPU time to Xst completion: 4.40 secs
 
--> Reading design: wrapper.prj

TABLE OF CONTENTS
  1) Synthesis Options Summary
  2) HDL Parsing
  3) HDL Elaboration
  4) HDL Synthesis
       4.1) HDL Synthesis Report
  5) Advanced HDL Synthesis
       5.1) Advanced HDL Synthesis Report
  6) Low Level Synthesis
  7) Partition Report
  8) Design Summary
       8.1) Primitive and Black Box Usage
       8.2) Device utilization summary
       8.3) Partition Resource Summary
       8.4) Timing Report
            8.4.1) Clock Information
            8.4.2) Asynchronous Control Signals Information
            8.4.3) Timing Summary
            8.4.4) Timing Details
            8.4.5) Cross Clock Domains Report


=========================================================================
*                      Synthesis Options Summary                        *
=========================================================================
---- Source Parameters
Input File Name                    : "wrapper.prj"
Ignore Synthesis Constraint File   : NO

---- Target Parameters
Output File Name                   : "wrapper"
Output Format                      : NGC
Target Device                      : xc7a100t-1-csg324

---- Source Options
Top Module Name                    : wrapper
Automatic FSM Extraction           : YES
FSM Encoding Algorithm             : Auto
Safe Implementation                : No
FSM Style                          : LUT
RAM Extraction                     : Yes
RAM Style                          : Auto
ROM Extraction                     : Yes
Shift Register Extraction          : YES
ROM Style                          : Auto
Resource Sharing                   : YES
Asynchronous To Synchronous        : NO
Shift Register Minimum Size        : 2
Use DSP Block                      : Auto
Automatic Register Balancing       : No

---- Target Options
LUT Combining                      : Auto
Reduce Control Sets                : Auto
Add IO Buffers                     : YES
Global Maximum Fanout              : 100000
Add Generic Clock Buffer(BUFG)     : 32
Register Duplication               : YES
Optimize Instantiated Primitives   : NO
Use Clock Enable                   : Auto
Use Synchronous Set                : Auto
Use Synchronous Reset              : Auto
Pack IO Registers into IOBs        : Auto
Equivalent register Removal        : YES

---- General Options
Optimization Goal                  : Speed
Optimization Effort                : 1
Power Reduction                    : NO
Keep Hierarchy                     : No
Netlist Hierarchy                  : As_Optimized
RTL Output                         : Yes
Global Optimization                : AllClockNets
Read Cores                         : YES
Write Timing Constraints           : NO
Cross Clock Analysis               : NO
Hierarchy Separator                : /
Bus Delimiter                      : <>
Case Specifier                     : Maintain
Slice Utilization Ratio            : 100
BRAM Utilization Ratio             : 100
DSP48 Utilization Ratio            : 100
Auto BRAM Packing                  : NO
Slice Utilization Ratio Delta      : 5

=========================================================================


=========================================================================
*                          HDL Parsing                                  *
=========================================================================
Analyzing Verilog file "H:\Siddhartha\Hardware Security Course\combinational_reg\half_addr.v" into library work
Parsing module <half_addr>.
Analyzing Verilog file "H:\Siddhartha\Hardware Security Course\combinational_reg\full_addr.v" into library work
Parsing module <full_addr>.
Analyzing Verilog file "H:\Siddhartha\Hardware Security Course\combinational_reg\adder_struct.v" into library work
Parsing module <adder_struct>.
Analyzing Verilog file "H:\Siddhartha\Hardware Security Course\combinational_reg\wrapper.v" into library work
Parsing module <wrapper>.

=========================================================================
*                            HDL Elaboration                            *
=========================================================================

Elaborating module <wrapper>.

Elaborating module <adder_struct>.

Elaborating module <half_addr>.

Elaborating module <full_addr>.

=========================================================================
*                           HDL Synthesis                               *
=========================================================================

Synthesizing Unit <wrapper>.
    Related source file is "H:\Siddhartha\Hardware Security Course\combinational_reg\wrapper.v".
    Found 5-bit register for signal <in2_reg>.
    Found 5-bit register for signal <out>.
    Found 5-bit register for signal <in1_reg>.
    Summary:
	inferred  15 D-type flip-flop(s).
Unit <wrapper> synthesized.

Synthesizing Unit <adder_struct>.
    Related source file is "H:\Siddhartha\Hardware Security Course\combinational_reg\adder_struct.v".
INFO:Xst:3210 - "H:\Siddhartha\Hardware Security Course\combinational_reg\adder_struct.v" line 27: Output port <cout> of the instance <addr5> is unconnected or connected to loadless signal.
    Summary:
	no macro.
Unit <adder_struct> synthesized.

Synthesizing Unit <half_addr>.
    Related source file is "H:\Siddhartha\Hardware Security Course\combinational_reg\half_addr.v".
    Summary:
Unit <half_addr> synthesized.

Synthesizing Unit <full_addr>.
    Related source file is "H:\Siddhartha\Hardware Security Course\combinational_reg\full_addr.v".
    Summary:
Unit <full_addr> synthesized.

=========================================================================
HDL Synthesis Report

Macro Statistics
# Registers                                            : 3
 5-bit register                                        : 3
# Xors                                                 : 9
 1-bit xor2                                            : 5
 1-bit xor3                                            : 4

=========================================================================

=========================================================================
*                       Advanced HDL Synthesis                          *
=========================================================================


=========================================================================
Advanced HDL Synthesis Report

Macro Statistics
# Registers                                            : 15
 Flip-Flops                                            : 15
# Xors                                                 : 9
 1-bit xor2                                            : 5
 1-bit xor3                                            : 4

=========================================================================

=========================================================================
*                         Low Level Synthesis                           *
=========================================================================

Optimizing unit <wrapper> ...

Mapping all equations...
Building and optimizing final netlist ...
Found area constraint ratio of 100 (+ 5) on block wrapper, actual ratio is 0.

Final Macro Processing ...

=========================================================================
Final Register Report

Macro Statistics
# Registers                                            : 15
 Flip-Flops                                            : 15

=========================================================================

=========================================================================
*                           Partition Report                            *
=========================================================================

Partition Implementation Status
-------------------------------

  No Partitions were found in this design.

-------------------------------

=========================================================================
*                            Design Summary                             *
=========================================================================

Top Level Output File Name         : wrapper.ngc

Primitive and Black Box Usage:
------------------------------
# BELS                             : 6
#      LUT2                        : 1
#      LUT3                        : 1
#      LUT4                        : 1
#      LUT5                        : 1
#      LUT6                        : 2
# FlipFlops/Latches                : 15
#      FDR                         : 15
# Clock Buffers                    : 1
#      BUFGP                       : 1
# IO Buffers                       : 16
#      IBUF                        : 11
#      OBUF                        : 5

Device utilization summary:
---------------------------

Selected Device : 7a100tcsg324-1 


Slice Logic Utilization: 
 Number of Slice Registers:              15  out of  126800     0%  
 Number of Slice LUTs:                    6  out of  63400     0%  
    Number used as Logic:                 6  out of  63400     0%  

Slice Logic Distribution: 
 Number of LUT Flip Flop pairs used:     16
   Number with an unused Flip Flop:       1  out of     16     6%  
   Number with an unused LUT:            10  out of     16    62%  
   Number of fully used LUT-FF pairs:     5  out of     16    31%  
   Number of unique control sets:         1

IO Utilization: 
 Number of IOs:                          17
 Number of bonded IOBs:                  17  out of    210     8%  

Specific Feature Utilization:
 Number of BUFG/BUFGCTRLs:                1  out of     32     3%  

---------------------------
Partition Resource Summary:
---------------------------

  No Partitions were found in this design.

---------------------------


=========================================================================
Timing Report

NOTE: THESE TIMING NUMBERS ARE ONLY A SYNTHESIS ESTIMATE.
      FOR ACCURATE TIMING INFORMATION PLEASE REFER TO THE TRACE REPORT
      GENERATED AFTER PLACE-and-ROUTE.

Clock Information:
------------------
-----------------------------------+------------------------+-------+
Clock Signal                       | Clock buffer(FF name)  | Load  |
-----------------------------------+------------------------+-------+
clk                                | BUFGP                  | 15    |
-----------------------------------+------------------------+-------+

Asynchronous Control Signals Information:
----------------------------------------
No asynchronous control signals found in this design

Timing Summary:
---------------
Speed Grade: -1

   Minimum period: 2.128ns (Maximum Frequency: 469.925MHz)
   Minimum input arrival time before clock: 0.986ns
   Maximum output required time after clock: 0.877ns
   Maximum combinational path delay: No path found

Timing Details:
---------------
All values displayed in nanoseconds (ns)

=========================================================================
Timing constraint: Default period analysis for Clock 'clk'
  Clock period: 2.128ns (frequency: 469.925MHz)
  Total number of paths / destination ports: 30 / 5
-------------------------------------------------------------------------
Delay:               2.128ns (Levels of Logic = 2)
  Source:            in1_reg_2 (FF)
  Destination:       out_3 (FF)
  Source Clock:      clk rising
  Destination Clock: clk rising

  Data Path: in1_reg_2 to out_3
                                Gate     Net
    Cell:in->out      fanout   Delay   Delay  Logical Name (Net Name)
    ----------------------------------------  ------------
     FDR:C->Q              2   0.478   0.945  in1_reg_2 (in1_reg_2)
     LUT6:I0->O            2   0.124   0.427  add/addr3/cout1 (add/c_out3)
     LUT5:I4->O            1   0.124   0.000  add/addr5/g11_xo<0>1 (out_net<4>)
     FDR:D                     0.030          out_4
    ----------------------------------------
    Total                      2.128ns (0.756ns logic, 1.372ns route)
                                       (35.5% logic, 64.5% route)

=========================================================================
Timing constraint: Default OFFSET IN BEFORE for Clock 'clk'
  Total number of paths / destination ports: 25 / 25
-------------------------------------------------------------------------
Offset:              0.986ns (Levels of Logic = 1)
  Source:            rst (PAD)
  Destination:       in1_reg_0 (FF)
  Destination Clock: clk rising

  Data Path: rst to in1_reg_0
                                Gate     Net
    Cell:in->out      fanout   Delay   Delay  Logical Name (Net Name)
    ----------------------------------------  ------------
     IBUF:I->O            15   0.001   0.491  rst_IBUF (rst_IBUF)
     FDR:R                     0.494          in1_reg_0
    ----------------------------------------
    Total                      0.986ns (0.495ns logic, 0.491ns route)
                                       (50.2% logic, 49.8% route)

=========================================================================
Timing constraint: Default OFFSET OUT AFTER for Clock 'clk'
  Total number of paths / destination ports: 5 / 5
-------------------------------------------------------------------------
Offset:              0.877ns (Levels of Logic = 1)
  Source:            out_4 (FF)
  Destination:       out<4> (PAD)
  Source Clock:      clk rising

  Data Path: out_4 to out<4>
                                Gate     Net
    Cell:in->out      fanout   Delay   Delay  Logical Name (Net Name)
    ----------------------------------------  ------------
     FDR:C->Q              1   0.478   0.399  out_4 (out_4)
     OBUF:I->O                 0.000          out_4_OBUF (out<4>)
    ----------------------------------------
    Total                      0.877ns (0.478ns logic, 0.399ns route)
                                       (54.5% logic, 45.5% route)

=========================================================================

Cross Clock Domains Report:
--------------------------

Clock to Setup on destination clock clk
---------------+---------+---------+---------+---------+
               | Src:Rise| Src:Fall| Src:Rise| Src:Fall|
Source Clock   |Dest:Rise|Dest:Rise|Dest:Fall|Dest:Fall|
---------------+---------+---------+---------+---------+
clk            |    2.128|         |         |         |
---------------+---------+---------+---------+---------+

=========================================================================


Total REAL time to Xst completion: 19.00 secs
Total CPU time to Xst completion: 18.38 secs
 
--> 

Total memory usage is 4618008 kilobytes

Number of errors   :    0 (   0 filtered)
Number of warnings :    0 (   0 filtered)
Number of infos    :    1 (   0 filtered)

